# JRE version: OpenJDK Runtime Environment AdoptOpenJDK (14.0.2+12) (build 14.0.2+12)
# Java VM: OpenJDK 64-Bit Server VM AdoptOpenJDK (14.0.2+12, mixed mode, sharing, tiered, compressed oops, g1 gc, linux-amd64)
Heap:
 garbage-first heap   total 262144K, used 130312K [0x0000000080000000, 0x0000000100000000)
  region size 1024K, 110 young (112640K), 20 survivors (20480K)
 Metaspace       used 27605K, capacity 28622K, committed 28924K, reserved 1073152K
  class space    used 3816K, capacity 4238K, committed 4348K, reserved 1048576K
GC Heap History (8 events):
Event: 0,511 GC heap before
{Heap before GC invocations=0 (full 0):
 garbage-first heap   total 264192K, used 23332K [0x0000000080000000, 0x0000000100000000)
  region size 1024K, 23 young (23552K), 0 survivors (0K)
 Metaspace       used 6262K, capacity 7945K, committed 8064K, reserved 1056768K
  class space    used 677K, capacity 846K, committed 896K, reserved 1048576K
}
Event: 0,515 GC heap after
{Heap after GC invocations=1 (full 0):
 garbage-first heap   total 264192K, used 6234K [0x0000000080000000, 0x0000000100000000)
  region size 1024K, 3 young (3072K), 3 survivors (3072K)
 Metaspace       used 6262K, capacity 7945K, committed 8064K, reserved 1056768K
  class space    used 677K, capacity 846K, committed 896K, reserved 1048576K
}
Event: 0,844 GC heap before
{Heap before GC invocations=1 (full 0):
 garbage-first heap   total 264192K, used 40026K [0x0000000080000000, 0x0000000100000000)
  region size 1024K, 33 young (33792K), 3 survivors (3072K)
 Metaspace       used 8953K, capacity 9725K, committed 10112K, reserved 1058816K
  class space    used 920K, capacity 1040K, committed 1152K, reserved 1048576K
}
Event: 0,850 GC heap after
{Heap after GC invocations=2 (full 0):
 garbage-first heap   total 264192K, used 9571K [0x0000000080000000, 0x0000000100000000)
  region size 1024K, 4 young (4096K), 4 survivors (4096K)
 Metaspace       used 8953K, capacity 9725K, committed 10112K, reserved 1058816K
  class space    used 920K, capacity 1040K, committed 1152K, reserved 1048576K
}
Event: 2,216 GC heap before
{Heap before GC invocations=2 (full 0):
 garbage-first heap   total 264192K, used 124259K [0x0000000080000000, 0x0000000100000000)
  region size 1024K, 117 young (119808K), 4 survivors (4096K)
 Metaspace       used 20495K, capacity 21155K, committed 21248K, reserved 1067008K
  class space    used 2520K, capacity 2783K, committed 2816K, reserved 1048576K
}
Event: 2,224 GC heap after
{Heap after GC invocations=3 (full 0):
 garbage-first heap   total 264192K, used 16414K [0x0000000080000000, 0x0000000100000000)
  region size 1024K, 10 young (10240K), 10 survivors (10240K)
 Metaspace       used 20495K, capacity 21155K, committed 21248K, reserved 1067008K
  class space    used 2520K, capacity 2783K, committed 2816K, reserved 1048576K
}
Event: 4,045 GC heap before
{Heap before GC invocations=4 (full 0):
 garbage-first heap   total 262144K, used 162846K [0x0000000080000000, 0x0000000100000000)
  region size 1024K, 153 young (156672K), 10 survivors (10240K)
 Metaspace       used 27058K, capacity 27914K, committed 28156K, reserved 1073152K
  class space    used 3724K, capacity 4072K, committed 4092K, reserved 1048576K
}
Event: 4,068 GC heap after
{Heap after GC invocations=5 (full 0):
 garbage-first heap   total 262144K, used 39176K [0x0000000080000000, 0x0000000100000000)
  region size 1024K, 20 young (20480K), 20 survivors (20480K)
 Metaspace       used 27058K, capacity 27914K, committed 28156K, reserved 1073152K
  class space    used 3724K, capacity 4072K, committed 4092K, reserved 1048576K
}

